<?xml version="1.0" encoding="UTF-8"?>
<Site BuildName="(empty)"
	BuildStamp="20260709-1827-Experimental"
	Name="(empty)"
	Generator="ctest-3.28.3"
	CompilerName=""
	CompilerVersion=""
	OSName="Linux"
	Hostname="rumcajs"
	OSRelease="6.17.0-35-generic"
	OSVersion="#35~24.04.1-Ubuntu SMP PREEMPT_DYNAMIC Tue May 26 19:30:42 UTC 2"
	OSPlatform="x86_64"
	Is64Bits="1"
	VendorString="GenuineIntel"
	VendorID="Intel Corporation"
	FamilyID="6"
	ModelID="45"
	ProcessorCacheSize="15360"
	NumberOfLogicalCPU="12"
	NumberOfPhysicalCPU="6"
	TotalVirtualMemory="2047"
	TotalPhysicalMemory="64229"
	LogicalProcessorsPerPhysical="2"
	ProcessorClockFrequency="1995.35"
	>
	<Testing>
		<StartDateTime>Jul 09 20:32 CEST</StartDateTime>
		<StartTestTime>1783621922</StartTestTime>
		<TestList/>
		<EndDateTime>Jul 09 20:32 CEST</EndDateTime>
		<EndTestTime>1783621922</EndTestTime>
		<ElapsedMinutes>0</ElapsedMinutes>
	</Testing>
</Site>
